--------------------
./configure --static --prefix=/home/colin/code/musl-bundle-example/build/bundle
Mon 04 May 2020 09:17:19 PM PDT
=== ztest304484.c ===
extern int getchar();
int hello() {return getchar();}
===
/home/colin/code/musl-bundle-example/build/bundle/bin/musl-gcc -c ztest304484.c
... using gcc

Checking for obsessive-compulsive compiler options...
=== ztest304484.c ===
int foo() { return 0; }
===
/home/colin/code/musl-bundle-example/build/bundle/bin/musl-gcc -c -O3 ztest304484.c

Building static library libz.a version 1.2.11 with /home/colin/code/musl-bundle-example/build/bundle/bin/musl-gcc.

=== ztest304484.c ===
#include <stdio.h>
#include <stdlib.h>
size_t dummy = 0;
===
/home/colin/code/musl-bundle-example/build/bundle/bin/musl-gcc -c -O3 ztest304484.c
Checking for size_t... Yes.


=== ztest304484.c ===
#include <sys/types.h>
off64_t dummy = 0;
===
/home/colin/code/musl-bundle-example/build/bundle/bin/musl-gcc -c -O3 -D_LARGEFILE64_SOURCE=1 ztest304484.c
Checking for off64_t... Yes.
Checking for fseeko... Yes.

=== ztest304484.c ===
#include <string.h>
#include <errno.h>
int main() { return strlen(strerror(errno)); }
===
/home/colin/code/musl-bundle-example/build/bundle/bin/musl-gcc -O3 -D_LARGEFILE64_SOURCE=1 -o ztest304484 ztest304484.c
Checking for strerror... Yes.

=== ztest304484.c ===
#include <unistd.h>
int main() { return 0; }
===
/home/colin/code/musl-bundle-example/build/bundle/bin/musl-gcc -c -O3 -D_LARGEFILE64_SOURCE=1 ztest304484.c
Checking for unistd.h... Yes.

=== ztest304484.c ===
#include <stdarg.h>
int main() { return 0; }
===
/home/colin/code/musl-bundle-example/build/bundle/bin/musl-gcc -c -O3 -D_LARGEFILE64_SOURCE=1 ztest304484.c
Checking for stdarg.h... Yes.

=== ztest304484.c ===
#include <stdio.h>
#include <stdarg.h>
#include "zconf.h"
int main()
{
#ifndef STDC
  choke me
#endif
  return 0;
}
===
/home/colin/code/musl-bundle-example/build/bundle/bin/musl-gcc -c -O3 -D_LARGEFILE64_SOURCE=1 ztest304484.c
Checking whether to use vs[n]printf() or s[n]printf()... using vs[n]printf().

=== ztest304484.c ===
#include <stdio.h>
#include <stdarg.h>
int mytest(const char *fmt, ...)
{
  char buf[20];
  va_list ap;
  va_start(ap, fmt);
  vsnprintf(buf, sizeof(buf), fmt, ap);
  va_end(ap);
  return 0;
}
int main()
{
  return (mytest("Hello%d\n", 1));
}
===
/home/colin/code/musl-bundle-example/build/bundle/bin/musl-gcc -O3 -D_LARGEFILE64_SOURCE=1 -o ztest304484 ztest304484.c
Checking for vsnprintf() in stdio.h... Yes.

=== ztest304484.c ===
#include <stdio.h>
#include <stdarg.h>
int mytest(const char *fmt, ...)
{
  int n;
  char buf[20];
  va_list ap;
  va_start(ap, fmt);
  n = vsnprintf(buf, sizeof(buf), fmt, ap);
  va_end(ap);
  return n;
}
int main()
{
  return (mytest("Hello%d\n", 1));
}
===
/home/colin/code/musl-bundle-example/build/bundle/bin/musl-gcc -c -O3 -D_LARGEFILE64_SOURCE=1 ztest304484.c
Checking for return value of vsnprintf()... Yes.

=== ztest304484.c ===
#define ZLIB_INTERNAL __attribute__((visibility ("hidden")))
int ZLIB_INTERNAL foo;
int main()
{
  return 0;
}
===
/home/colin/code/musl-bundle-example/build/bundle/bin/musl-gcc -c -O3 -D_LARGEFILE64_SOURCE=1 ztest304484.c
Checking for attribute(visibility) support... Yes.

ALL = static all64
AR = ar
ARFLAGS = rc
CC = /home/colin/code/musl-bundle-example/build/bundle/bin/musl-gcc
CFLAGS = -O3 -D_LARGEFILE64_SOURCE=1 -DHAVE_HIDDEN
CPP = /home/colin/code/musl-bundle-example/build/bundle/bin/musl-gcc -E
EXE =
LDCONFIG = ldconfig
LDFLAGS =
LDSHARED = /home/colin/code/musl-bundle-example/build/bundle/bin/musl-gcc
LDSHAREDLIBC = -lc
OBJC = $(OBJZ) $(OBJG)
PIC_OBJC = $(PIC_OBJZ) $(PIC_OBJG)
RANLIB = ranlib
SFLAGS = -O3 -fPIC -D_LARGEFILE64_SOURCE=1 -DHAVE_HIDDEN
SHAREDLIB =
SHAREDLIBM =
SHAREDLIBV =
STATICLIB = libz.a
TEST = all teststatic test64
VER = 1.2.11
Z_U4 =
SRCDIR =
exec_prefix = ${prefix}
includedir = ${prefix}/include
libdir = ${exec_prefix}/lib
mandir = ${prefix}/share/man
prefix = /home/colin/code/musl-bundle-example/build/bundle
sharedlibdir = ${libdir}
uname = Linux
--------------------


